[INFO ] 2019-12-25 15:28:58 [main] com.test.Application - Starting Application on ylheq with PID 10096 (E:\mycodes\Charpter111\target\classes started by ylheq in E:\mycodes\Charpter111)
[INFO ] 2019-12-25 15:28:58 [main] com.test.Application - The following profiles are active: test
[INFO ] 2019-12-25 15:28:58 [main] o.s.b.c.e.AnnotationConfigEmbeddedWebApplicationContext - Refreshing org.springframework.boot.context.embedded.AnnotationConfigEmbeddedWebApplicationContext@36bc55de: startup date [Wed Dec 25 15:28:59 CST 2019]; root of context hierarchy
[INFO ] 2019-12-25 15:28:58 [background-preinit] o.h.validator.internal.util.Version - HV000001: Hibernate Validator 5.3.5.Final
[INFO ] 2019-12-25 15:28:58 [main] o.s.b.c.e.t.TomcatEmbeddedServletContainer - Tomcat initialized with port(s): 8888 (http)
[INFO ] 2019-12-25 15:28:58 [main] o.a.catalina.core.StandardService - Starting service Tomcat
[INFO ] 2019-12-25 15:28:58 [main] o.a.catalina.core.StandardEngine - Starting Servlet Engine: Apache Tomcat/8.5.14
[INFO ] 2019-12-25 15:28:58 [localhost-startStop-1] o.a.c.c.C.[Tomcat].[localhost].[/] - Initializing Spring embedded WebApplicationContext
[INFO ] 2019-12-25 15:28:58 [localhost-startStop-1] o.s.web.context.ContextLoader - Root WebApplicationContext: initialization completed in 4295 ms
[INFO ] 2019-12-25 15:28:58 [localhost-startStop-1] o.s.b.w.s.ServletRegistrationBean - Mapping servlet: 'dispatcherServlet' to [/]
[INFO ] 2019-12-25 15:28:58 [localhost-startStop-1] o.s.b.w.s.FilterRegistrationBean - Mapping filter: 'characterEncodingFilter' to: [/*]
[INFO ] 2019-12-25 15:28:58 [localhost-startStop-1] o.s.b.w.s.FilterRegistrationBean - Mapping filter: 'hiddenHttpMethodFilter' to: [/*]
[INFO ] 2019-12-25 15:28:58 [localhost-startStop-1] o.s.b.w.s.FilterRegistrationBean - Mapping filter: 'httpPutFormContentFilter' to: [/*]
[INFO ] 2019-12-25 15:28:58 [localhost-startStop-1] o.s.b.w.s.FilterRegistrationBean - Mapping filter: 'requestContextFilter' to: [/*]
[INFO ] 2019-12-25 15:28:58 [main] o.s.w.s.m.m.a.RequestMappingHandlerAdapter - Looking for @ControllerAdvice: org.springframework.boot.context.embedded.AnnotationConfigEmbeddedWebApplicationContext@36bc55de: startup date [Wed Dec 25 15:28:59 CST 2019]; root of context hierarchy
[INFO ] 2019-12-25 15:28:58 [main] o.s.w.s.m.m.a.RequestMappingHandlerMapping - Mapped "{[/v1/addPeople],methods=[POST]}" onto public int com.test.controller.Demo.addPeople(com.test.pojo.People)
[INFO ] 2019-12-25 15:28:58 [main] o.s.w.s.m.m.a.RequestMappingHandlerMapping - Mapped "{[/v1/updPeople],methods=[POST]}" onto public int com.test.controller.Demo.updPeople(com.test.pojo.People)
[INFO ] 2019-12-25 15:28:58 [main] o.s.w.s.m.m.a.RequestMappingHandlerMapping - Mapped "{[/v1/delPeople],methods=[POST]}" onto public int com.test.controller.Demo.delPeople(com.test.pojo.People)
[INFO ] 2019-12-25 15:28:58 [main] o.s.w.s.m.m.a.RequestMappingHandlerMapping - Mapped "{[/v1/getPeopleCount],methods=[GET]}" onto public int com.test.controller.Demo.getUserCount()
[INFO ] 2019-12-25 15:28:58 [main] o.s.w.s.m.m.a.RequestMappingHandlerMapping - Mapped "{[/error]}" onto public org.springframework.http.ResponseEntity<java.util.Map<java.lang.String, java.lang.Object>> org.springframework.boot.autoconfigure.web.BasicErrorController.error(javax.servlet.http.HttpServletRequest)
[INFO ] 2019-12-25 15:28:58 [main] o.s.w.s.m.m.a.RequestMappingHandlerMapping - Mapped "{[/error],produces=[text/html]}" onto public org.springframework.web.servlet.ModelAndView org.springframework.boot.autoconfigure.web.BasicErrorController.errorHtml(javax.servlet.http.HttpServletRequest,javax.servlet.http.HttpServletResponse)
[INFO ] 2019-12-25 15:28:58 [main] o.s.w.s.h.SimpleUrlHandlerMapping - Mapped URL path [/webjars/**] onto handler of type [class org.springframework.web.servlet.resource.ResourceHttpRequestHandler]
[INFO ] 2019-12-25 15:28:58 [main] o.s.w.s.h.SimpleUrlHandlerMapping - Mapped URL path [/**] onto handler of type [class org.springframework.web.servlet.resource.ResourceHttpRequestHandler]
[INFO ] 2019-12-25 15:28:58 [main] o.s.w.s.h.SimpleUrlHandlerMapping - Mapped URL path [/**/favicon.ico] onto handler of type [class org.springframework.web.servlet.resource.ResourceHttpRequestHandler]
[INFO ] 2019-12-25 15:28:58 [main] o.s.j.e.a.AnnotationMBeanExporter - Registering beans for JMX exposure on startup
[INFO ] 2019-12-25 15:28:58 [main] o.a.coyote.http11.Http11NioProtocol - Initializing ProtocolHandler ["http-nio-8888"]
[INFO ] 2019-12-25 15:28:58 [main] o.a.coyote.http11.Http11NioProtocol - Starting ProtocolHandler ["http-nio-8888"]
[INFO ] 2019-12-25 15:28:58 [main] o.a.tomcat.util.net.NioSelectorPool - Using a shared selector for servlet write/read
[INFO ] 2019-12-25 15:28:58 [main] o.s.b.c.e.t.TomcatEmbeddedServletContainer - Tomcat started on port(s): 8888 (http)
[INFO ] 2019-12-25 15:28:58 [main] com.test.Application - Started Application in 8.843 seconds (JVM running for 10.006)
[INFO ] 2019-12-25 15:30:03 [main] com.test.Application - Starting Application on ylheq with PID 596 (E:\mycodes\Charpter111\target\classes started by ylheq in E:\mycodes\Charpter111)
[INFO ] 2019-12-25 15:30:03 [main] com.test.Application - The following profiles are active: test
[INFO ] 2019-12-25 15:30:03 [main] o.s.b.c.e.AnnotationConfigEmbeddedWebApplicationContext - Refreshing org.springframework.boot.context.embedded.AnnotationConfigEmbeddedWebApplicationContext@36bc55de: startup date [Wed Dec 25 15:30:03 CST 2019]; root of context hierarchy
[INFO ] 2019-12-25 15:30:03 [background-preinit] o.h.validator.internal.util.Version - HV000001: Hibernate Validator 5.3.5.Final
[INFO ] 2019-12-25 15:30:03 [main] o.s.b.c.e.t.TomcatEmbeddedServletContainer - Tomcat initialized with port(s): 8080 (http)
[INFO ] 2019-12-25 15:30:03 [main] o.a.catalina.core.StandardService - Starting service Tomcat
[INFO ] 2019-12-25 15:30:03 [main] o.a.catalina.core.StandardEngine - Starting Servlet Engine: Apache Tomcat/8.5.14
[INFO ] 2019-12-25 15:30:03 [localhost-startStop-1] o.a.c.c.C.[Tomcat].[localhost].[/] - Initializing Spring embedded WebApplicationContext
[INFO ] 2019-12-25 15:30:03 [localhost-startStop-1] o.s.web.context.ContextLoader - Root WebApplicationContext: initialization completed in 3484 ms
[INFO ] 2019-12-25 15:30:03 [localhost-startStop-1] o.s.b.w.s.ServletRegistrationBean - Mapping servlet: 'dispatcherServlet' to [/]
[INFO ] 2019-12-25 15:30:03 [localhost-startStop-1] o.s.b.w.s.FilterRegistrationBean - Mapping filter: 'characterEncodingFilter' to: [/*]
[INFO ] 2019-12-25 15:30:03 [localhost-startStop-1] o.s.b.w.s.FilterRegistrationBean - Mapping filter: 'hiddenHttpMethodFilter' to: [/*]
[INFO ] 2019-12-25 15:30:03 [localhost-startStop-1] o.s.b.w.s.FilterRegistrationBean - Mapping filter: 'httpPutFormContentFilter' to: [/*]
[INFO ] 2019-12-25 15:30:03 [localhost-startStop-1] o.s.b.w.s.FilterRegistrationBean - Mapping filter: 'requestContextFilter' to: [/*]
[INFO ] 2019-12-25 15:30:03 [main] o.s.w.s.m.m.a.RequestMappingHandlerAdapter - Looking for @ControllerAdvice: org.springframework.boot.context.embedded.AnnotationConfigEmbeddedWebApplicationContext@36bc55de: startup date [Wed Dec 25 15:30:03 CST 2019]; root of context hierarchy
[INFO ] 2019-12-25 15:30:03 [main] o.s.w.s.m.m.a.RequestMappingHandlerMapping - Mapped "{[/v1/updPeople],methods=[POST]}" onto public int com.test.controller.Demo.updPeople(com.test.pojo.People)
[INFO ] 2019-12-25 15:30:03 [main] o.s.w.s.m.m.a.RequestMappingHandlerMapping - Mapped "{[/v1/delPeople],methods=[POST]}" onto public int com.test.controller.Demo.delPeople(com.test.pojo.People)
[INFO ] 2019-12-25 15:30:03 [main] o.s.w.s.m.m.a.RequestMappingHandlerMapping - Mapped "{[/v1/addPeople],methods=[POST]}" onto public int com.test.controller.Demo.addPeople(com.test.pojo.People)
[INFO ] 2019-12-25 15:30:03 [main] o.s.w.s.m.m.a.RequestMappingHandlerMapping - Mapped "{[/v1/getPeopleCount],methods=[GET]}" onto public int com.test.controller.Demo.getUserCount()
[INFO ] 2019-12-25 15:30:03 [main] o.s.w.s.m.m.a.RequestMappingHandlerMapping - Mapped "{[/error]}" onto public org.springframework.http.ResponseEntity<java.util.Map<java.lang.String, java.lang.Object>> org.springframework.boot.autoconfigure.web.BasicErrorController.error(javax.servlet.http.HttpServletRequest)
[INFO ] 2019-12-25 15:30:03 [main] o.s.w.s.m.m.a.RequestMappingHandlerMapping - Mapped "{[/error],produces=[text/html]}" onto public org.springframework.web.servlet.ModelAndView org.springframework.boot.autoconfigure.web.BasicErrorController.errorHtml(javax.servlet.http.HttpServletRequest,javax.servlet.http.HttpServletResponse)
[INFO ] 2019-12-25 15:30:03 [main] o.s.w.s.h.SimpleUrlHandlerMapping - Mapped URL path [/webjars/**] onto handler of type [class org.springframework.web.servlet.resource.ResourceHttpRequestHandler]
[INFO ] 2019-12-25 15:30:03 [main] o.s.w.s.h.SimpleUrlHandlerMapping - Mapped URL path [/**] onto handler of type [class org.springframework.web.servlet.resource.ResourceHttpRequestHandler]
[INFO ] 2019-12-25 15:30:03 [main] o.s.w.s.h.SimpleUrlHandlerMapping - Mapped URL path [/**/favicon.ico] onto handler of type [class org.springframework.web.servlet.resource.ResourceHttpRequestHandler]
[INFO ] 2019-12-25 15:30:03 [main] o.s.j.e.a.AnnotationMBeanExporter - Registering beans for JMX exposure on startup
[INFO ] 2019-12-25 15:30:03 [main] o.a.coyote.http11.Http11NioProtocol - Initializing ProtocolHandler ["http-nio-8080"]
[INFO ] 2019-12-25 15:30:03 [main] o.a.coyote.http11.Http11NioProtocol - Starting ProtocolHandler ["http-nio-8080"]
[INFO ] 2019-12-25 15:30:03 [main] o.a.tomcat.util.net.NioSelectorPool - Using a shared selector for servlet write/read
[INFO ] 2019-12-25 15:30:03 [main] o.s.b.c.e.t.TomcatEmbeddedServletContainer - Tomcat started on port(s): 8080 (http)
[INFO ] 2019-12-25 15:30:03 [main] com.test.Application - Started Application in 7.131 seconds (JVM running for 7.804)
[INFO ] 2019-12-25 15:30:03 [http-nio-8080-exec-10] o.a.c.c.C.[Tomcat].[localhost].[/] - Initializing Spring FrameworkServlet 'dispatcherServlet'
[INFO ] 2019-12-25 15:30:03 [http-nio-8080-exec-10] o.s.web.servlet.DispatcherServlet - FrameworkServlet 'dispatcherServlet': initialization started
[INFO ] 2019-12-25 15:30:03 [http-nio-8080-exec-10] o.s.web.servlet.DispatcherServlet - FrameworkServlet 'dispatcherServlet': initialization completed in 28 ms
[INFO ] 2019-12-25 15:28:58 [http-nio-8888-exec-10] o.a.c.c.C.[Tomcat].[localhost].[/] - Initializing Spring FrameworkServlet 'dispatcherServlet'
[INFO ] 2019-12-25 15:28:58 [http-nio-8888-exec-10] o.s.web.servlet.DispatcherServlet - FrameworkServlet 'dispatcherServlet': initialization started
[INFO ] 2019-12-25 15:28:58 [http-nio-8888-exec-10] o.s.web.servlet.DispatcherServlet - FrameworkServlet 'dispatcherServlet': initialization completed in 50 ms
